<?xml version="1.0" encoding="UTF-8"?>
<testsuite xmlns:xsi="http://www.w3.org/2001/XMLSchema-instance" xsi:noNamespaceSchemaLocation="https://maven.apache.org/surefire/maven-surefire-plugin/xsd/surefire-test-report.xsd" version="3.0.2" name="com.project.ins.InsuranceCompanyApplicationTests" time="2.328" tests="1" errors="0" skipped="0" failures="0">
  <properties>
[...]
</properties>
  <testcase name="contextLoads" classname="com.project.ins.InsuranceCompanyApplicationTests" time="0.204">
    <system-out><![CDATA[14:16:01.397 [main] INFO org.springframework.test.context.support.AnnotationConfigContextLoaderUtils -- Could not detect default configuration classes for test class [com.project.ins.InsuranceCompanyApplicationTests]: InsuranceCompanyApplicationTests does not declare any static, non-private, non-final, nested classes annotated with @Configuration.
14:16:01.431 [main] INFO org.springframework.boot.test.context.SpringBootTestContextBootstrapper -- Found @SpringBootConfiguration com.project.ins.InsuranceCompanyApplication for test class com.project.ins.InsuranceCompanyApplicationTests

  .   ____          _            __ _ _
 /\\ / ___'_ __ _ _(_)_ __  __ _ \ \ \ \
( ( )\___ | '_ | '_| | '_ \/ _` | \ \ \ \
 \\/  ___)| |_)| | | | | || (_| |  ) ) ) )
  '  |____| .__|_| |_|_| |_\__, | / / / /
 =========|_|==============|___/=/_/_/_/

 :: Spring Boot ::                (v3.4.0)

2025-11-29T14:16:01.616+02:00  INFO 811708 --- [Insurance Company] [           main] c.p.i.InsuranceCompanyApplicationTests   : Starting InsuranceCompanyApplicationTests using Java 17.0.17 with PID 811708 (started by glarusbse in /home/glarusbse/Softuni/ins)
2025-11-29T14:16:01.617+02:00  INFO 811708 --- [Insurance Company] [           main] c.p.i.InsuranceCompanyApplicationTests   : No active profile set, falling back to 1 default profile: "default"
2025-11-29T14:16:01.849+02:00  INFO 811708 --- [Insurance Company] [           main] .s.d.r.c.RepositoryConfigurationDelegate : Bootstrapping Spring Data JPA repositories in DEFAULT mode.
2025-11-29T14:16:01.872+02:00  INFO 811708 --- [Insurance Company] [           main] .s.d.r.c.RepositoryConfigurationDelegate : Finished Spring Data repository scanning in 18 ms. Found 5 JPA repository interfaces.
2025-11-29T14:16:01.954+02:00  INFO 811708 --- [Insurance Company] [           main] o.s.cloud.context.scope.GenericScope     : BeanFactory id=586f967e-301e-3ccb-bfc8-d2b369a778c8
2025-11-29T14:16:02.104+02:00  INFO 811708 --- [Insurance Company] [           main] o.hibernate.jpa.internal.util.LogHelper  : HHH000204: Processing PersistenceUnitInfo [name: default]
2025-11-29T14:16:02.124+02:00  INFO 811708 --- [Insurance Company] [           main] org.hibernate.Version                    : HHH000412: Hibernate ORM core version 6.6.2.Final
2025-11-29T14:16:02.137+02:00  INFO 811708 --- [Insurance Company] [           main] o.h.c.internal.RegionFactoryInitiator    : HHH000026: Second-level cache disabled
2025-11-29T14:16:02.243+02:00  INFO 811708 --- [Insurance Company] [           main] o.s.o.j.p.SpringPersistenceUnitInfo      : No LoadTimeWeaver setup: ignoring JPA class transformer
2025-11-29T14:16:02.253+02:00  INFO 811708 --- [Insurance Company] [           main] com.zaxxer.hikari.HikariDataSource       : HikariPool-1 - Starting...
2025-11-29T14:16:02.382+02:00  INFO 811708 --- [Insurance Company] [           main] com.zaxxer.hikari.pool.HikariPool        : HikariPool-1 - Added connection com.mysql.cj.jdbc.ConnectionImpl@7809b43a
2025-11-29T14:16:02.383+02:00  INFO 811708 --- [Insurance Company] [           main] com.zaxxer.hikari.HikariDataSource       : HikariPool-1 - Start completed.
2025-11-29T14:16:02.419+02:00  INFO 811708 --- [Insurance Company] [           main] org.hibernate.orm.connections.pooling    : HHH10001005: Database info:
	Database JDBC URL [Connecting through datasource 'HikariDataSource (HikariPool-1)']
	Database driver: undefined/unknown
	Database version: 9.3
	Autocommit mode: undefined/unknown
	Isolation level: undefined/unknown
	Minimum pool size: undefined/unknown
	Maximum pool size: undefined/unknown
2025-11-29T14:16:02.715+02:00  INFO 811708 --- [Insurance Company] [           main] o.h.e.t.j.p.i.JtaPlatformInitiator       : HHH000489: No JTA platform available (set 'hibernate.transaction.jta.platform' to enable JTA platform integration)
2025-11-29T14:16:02.865+02:00  INFO 811708 --- [Insurance Company] [           main] j.LocalContainerEntityManagerFactoryBean : Initialized JPA EntityManagerFactory for persistence unit 'default'
2025-11-29T14:16:03.035+02:00  WARN 811708 --- [Insurance Company] [           main] JpaBaseConfiguration$JpaWebConfiguration : spring.jpa.open-in-view is enabled by default. Therefore, database queries may be performed during view rendering. Explicitly configure spring.jpa.open-in-view to disable this warning
2025-11-29T14:16:03.162+02:00  INFO 811708 --- [Insurance Company] [           main] r$InitializeUserDetailsManagerConfigurer : Global AuthenticationManager configured with UserDetailsService bean with name userService
2025-11-29T14:16:03.190+02:00  INFO 811708 --- [Insurance Company] [           main] o.s.b.a.w.s.WelcomePageHandlerMapping    : Adding welcome page template: index
2025-11-29T14:16:03.463+02:00  INFO 811708 --- [Insurance Company] [           main] c.p.i.InsuranceCompanyApplicationTests   : Started InsuranceCompanyApplicationTests in 1.943 seconds (process running for 2.315)
]]></system-out>
  </testcase>
</testsuite>